     1                                  extern strlen
     2                                  
     3                                  
     4                                  global _start
     5                                  
     6                                  sys_write equ 1
     7                                  sys_read equ 0
     8                                  stdout equ 1
     9                                  stdin equ 0
    10                                  
    11                                  segment .data
    12 00000000 57656C636F6D652074-     welcome db "Welcome to the syswrite program! Please input a number", 10, 0
    12 00000009 6F2074686520737973-
    12 00000012 77726974652070726F-
    12 0000001B 6772616D2120506C65-
    12 00000024 61736520696E707574-
    12 0000002D 2061206E756D626572-
    12 00000036 0A00               
    13                                  
    14                                  segment .bss
    15 00000000 <res 54h>               jems resd 21
    16                                  
    17                                  segment .text
    18                                  
    19                                  compare:
    20                                  ;Prolog ===== Insurance for any caller of this assembly module ========================================================
    21                                  ;Any future program calling this module that the data in the caller's GPRs will not be modified.
    22 00000000 55                      push rbp
    23 00000001 4889E5                  mov  rbp,rsp
    24 00000004 57                      push rdi                                                    ;Backup rdi
    25 00000005 56                      push rsi                                                    ;Backup rsi
    26 00000006 52                      push rdx                                                    ;Backup rdx
    27 00000007 51                      push rcx                                                    ;Backup rcx
    28 00000008 4150                    push r8                                                     ;Backup r8
    29 0000000A 4151                    push r9                                                     ;Backup r9
    30 0000000C 4152                    push r10                                                    ;Backup r10
    31 0000000E 4153                    push r11                                                    ;Backup r11
    32 00000010 4154                    push r12                                                    ;Backup r12
    33 00000012 4155                    push r13                                                    ;Backup r13
    34 00000014 4156                    push r14                                                    ;Backup r14
    35 00000016 4157                    push r15                                                    ;Backup r15
    36 00000018 53                      push rbx                                                    ;Backup rbx
    37 00000019 9C                      pushf                                                       ;Backup rflags  
    38                                  
    39                                  
    40                                  
    41                                  
    42                                  
    43                                  
    44                                  
    45                                  
    46                                  
    47                                  
    48                                  
    49                                  
    50 0000001A 9D                      popf                                                        ;Restore rflags
    51 0000001B 5B                      pop rbx                                                     ;Restore rbx
    52 0000001C 415F                    pop r15                                                     ;Restore r15
    53 0000001E 415E                    pop r14                                                     ;Restore r14
    54 00000020 415D                    pop r13                                                     ;Restore r13
    55 00000022 415C                    pop r12                                                     ;Restore r12
    56 00000024 415B                    pop r11                                                     ;Restore r11
    57 00000026 415A                    pop r10                                                     ;Restore r10
    58 00000028 4159                    pop r9                                                      ;Restore r9
    59 0000002A 4158                    pop r8                                                      ;Restore r8
    60 0000002C 59                      pop rcx                                                     ;Restore rcx
    61 0000002D 5A                      pop rdx                                                     ;Restore rdx
    62 0000002E 5E                      pop rsi                                                     ;Restore rsi
    63 0000002F 5F                      pop rdi                                                     ;Restore rdi
    64 00000030 5D                      pop rbp                                                     ;Restore rbp
    65                                  
    66 00000031 C3                      ret
